<?xml version="1.0" encoding="UTF-8"?>
<testsuite xmlns:xsi="http://www.w3.org/2001/XMLSchema-instance" xsi:noNamespaceSchemaLocation="https://maven.apache.org/surefire/maven-surefire-plugin/xsd/surefire-test-report-3.0.xsd" version="3.0" name="com.codename1.demos.grub.MyFirstTest" time="0.01" tests="0" errors="0" skipped="0" failures="0">
  <properties>
    <property name="java.specification.version" value="16"/>
    <property name="sun.cpu.isalist" value="amd64"/>
    <property name="sun.jnu.encoding" value="Cp1252"/>
    <property name="java.class.path" value="C:\Users\alexd\OneDrive\Escritorio\app_eats\Rio_Rush\javase\target\test-classes;C:\Users\alexd\OneDrive\Escritorio\app_eats\Rio_Rush\javase\target\classes;C:\Users\alexd\OneDrive\Escritorio\app_eats\Rio_Rush\common\target\grub-common-1.0-SNAPSHOT.jar;C:\Users\alexd\OneDrive\Escritorio\app_eats\Rio_Rush\cn1libs\CodeRAD\jars\main.zip;C:\Users\alexd\OneDrive\Escritorio\app_eats\Rio_Rush\common\target\grub-common-1.0-SNAPSHOT-tests.jar;C:\Users\alexd\.m2\repository\com\codenameone\codenameone-core\7.0.23\codenameone-core-7.0.23.jar;C:\Users\alexd\.m2\repository\com\codenameone\codenameone-javase\7.0.23\codenameone-javase-7.0.23.jar;C:\Users\alexd\.m2\repository\org\xerial\sqlite-jdbc\3.7.15-M1\sqlite-jdbc-3.7.15-M1.jar;C:\Users\alexd\.m2\repository\com\jhlabs\filters\2.0.235-1\filters-2.0.235-1.jar;"/>
    <property name="java.vm.vendor" value="Oracle Corporation"/>
    <property name="codename1.platform" value="javase"/>
    <property name="sun.arch.data.model" value="64"/>
    <property name="user.variant" value=""/>
    <property name="java.vendor.url" value="https://java.oracle.com/"/>
    <property name="user.timezone" value="America/Guayaquil"/>
    <property name="os.name" value="Windows 10"/>
    <property name="java.vm.specification.version" value="16"/>
    <property name="sun.java.launcher" value="SUN_STANDARD"/>
    <property name="user.country" value="EC"/>
    <property name="sun.boot.library.path" value="C:\Program Files\Java\jdk-16.0.1\bin"/>
    <property name="sun.java.command" value="C:\Users\alexd\AppData\Local\Temp\surefire8844772452111653667\surefirebooter3572166628116907820.jar C:\Users\alexd\AppData\Local\Temp\surefire8844772452111653667 2021-08-10T09-44-08_317-jvmRun1 surefire1223568974301209462tmp surefire_115721371390798091069tmp"/>
    <property name="jdk.debug" value="release"/>
    <property name="surefire.test.class.path" value="C:\Users\alexd\OneDrive\Escritorio\app_eats\Rio_Rush\javase\target\test-classes;C:\Users\alexd\OneDrive\Escritorio\app_eats\Rio_Rush\javase\target\classes;C:\Users\alexd\OneDrive\Escritorio\app_eats\Rio_Rush\common\target\grub-common-1.0-SNAPSHOT.jar;C:\Users\alexd\OneDrive\Escritorio\app_eats\Rio_Rush\cn1libs\CodeRAD\jars\main.zip;C:\Users\alexd\OneDrive\Escritorio\app_eats\Rio_Rush\common\target\grub-common-1.0-SNAPSHOT-tests.jar;C:\Users\alexd\.m2\repository\com\codenameone\codenameone-core\7.0.23\codenameone-core-7.0.23.jar;C:\Users\alexd\.m2\repository\com\codenameone\codenameone-javase\7.0.23\codenameone-javase-7.0.23.jar;C:\Users\alexd\.m2\repository\org\xerial\sqlite-jdbc\3.7.15-M1\sqlite-jdbc-3.7.15-M1.jar;C:\Users\alexd\.m2\repository\com\jhlabs\filters\2.0.235-1\filters-2.0.235-1.jar;"/>
    <property name="sun.cpu.endian" value="little"/>
    <property name="user.home" value="C:\Users\alexd"/>
    <property name="user.language" value="es"/>
    <property name="java.specification.vendor" value="Oracle Corporation"/>
    <property name="java.version.date" value="2021-04-20"/>
    <property name="java.home" value="C:\Program Files\Java\jdk-16.0.1"/>
    <property name="file.separator" value="\"/>
    <property name="basedir" value="C:\Users\alexd\OneDrive\Escritorio\app_eats\Rio_Rush\javase"/>
    <property name="java.vm.compressedOopsMode" value="32-bit"/>
    <property name="line.separator" value="&#10;"/>
    <property name="java.vm.specification.vendor" value="Oracle Corporation"/>
    <property name="java.specification.name" value="Java Platform API Specification"/>
    <property name="surefire.real.class.path" value="C:\Users\alexd\AppData\Local\Temp\surefire8844772452111653667\surefirebooter3572166628116907820.jar"/>
    <property name="user.script" value=""/>
    <property name="sun.management.compiler" value="HotSpot 64-Bit Tiered Compilers"/>
    <property name="java.runtime.version" value="16.0.1+9-24"/>
    <property name="user.name" value="alexd"/>
    <property name="path.separator" value=";"/>
    <property name="os.version" value="10.0"/>
    <property name="java.runtime.name" value="Java(TM) SE Runtime Environment"/>
    <property name="file.encoding" value="Cp1252"/>
    <property name="java.vm.name" value="Java HotSpot(TM) 64-Bit Server VM"/>
    <property name="localRepository" value="C:\Users\alexd\.m2\repository"/>
    <property name="java.vendor.url.bug" value="https://bugreport.java.com/bugreport/"/>
    <property name="java.io.tmpdir" value="C:\Users\alexd\AppData\Local\Temp\"/>
    <property name="java.version" value="16.0.1"/>
    <property name="user.dir" value="C:\Users\alexd\OneDrive\Escritorio\app_eats\Rio_Rush\javase"/>
    <property name="os.arch" value="amd64"/>
    <property name="java.vm.specification.name" value="Java Virtual Machine Specification"/>
    <property name="sun.os.patch.level" value=""/>
    <property name="java.library.path" value="C:\Program Files\Java\jdk-16.0.1\bin;C:\Windows\Sun\Java\bin;C:\Windows\system32;C:\Windows;C:\Users\alexd\AppData\Local\Programs\Python\Python39\Scripts\;C:\Users\alexd\AppData\Local\Programs\Python\Python39\;C:\Program Files\Common Files\Oracle\Java\javapath;C:\Program Files\Rockwell Software\RSCommon;C:\Program Files (x86)\Common Files\Oracle\Java\javapath;C:\Program Files\AdoptOpenJDK\jdk-11.0.11.9-hotspot\bin;C:\ProgramData\Oracle\Java\javapath;C:\Windows\system32;C:\Windows;C:\Windows\System32\Wbem;C:\Windows\System32\WindowsPowerShell\v1.0\;C:\Windows\System32\OpenSSH\;C:\Program Files\Git\cmd;C:\Program Files\nodejs\;C:\ProgramData\chocolatey\bin;C:\Users\alexd\AppData\Local\Microsoft\WindowsApps;;C:\Users\alexd\AppData\Local\Programs\Microsoft VS Code\bin;C:\Users\alexd\AppData\Roaming\npm;."/>
    <property name="java.vm.info" value="mixed mode, sharing"/>
    <property name="java.vendor" value="Oracle Corporation"/>
    <property name="java.vm.version" value="16.0.1+9-24"/>
    <property name="sun.io.unicode.encoding" value="UnicodeLittle"/>
    <property name="java.class.version" value="60.0"/>
  </properties>
</testsuite>